Thu Mar 23 2017 13:51:50 GMT+0300 (RTZ 2 (зима)): GET /
Thu Mar 23 2017 13:51:52 GMT+0300 (RTZ 2 (зима)): GET /about
Thu Mar 23 2017 13:51:54 GMT+0300 (RTZ 2 (зима)): GET /
Thu Mar 23 2017 14:03:50 GMT+0300 (RTZ 2 (зима)): GET /
Thu Mar 23 2017 14:03:53 GMT+0300 (RTZ 2 (зима)): GET /about
Thu Mar 23 2017 14:03:56 GMT+0300 (RTZ 2 (зима)): GET /about
Thu Mar 23 2017 14:03:59 GMT+0300 (RTZ 2 (зима)): GET /
Thu Mar 23 2017 14:04:32 GMT+0300 (RTZ 2 (зима)): GET /
Thu Mar 23 2017 14:04:34 GMT+0300 (RTZ 2 (зима)): GET /
Thu Mar 23 2017 14:04:35 GMT+0300 (RTZ 2 (зима)): GET /about
Thu Mar 23 2017 14:04:35 GMT+0300 (RTZ 2 (зима)): GET /about
Thu Mar 23 2017 14:05:08 GMT+0300 (RTZ 2 (зима)): GET /maintenance
Thu Mar 23 2017 14:05:11 GMT+0300 (RTZ 2 (зима)): GET /maintenance
Thu Mar 23 2017 14:06:00 GMT+0300 (RTZ 2 (зима)): GET /maintenance
Thu Mar 23 2017 14:06:02 GMT+0300 (RTZ 2 (зима)): GET /maintenance
Thu Mar 23 2017 14:06:05 GMT+0300 (RTZ 2 (зима)): GET /
Thu Mar 23 2017 14:07:42 GMT+0300 (RTZ 2 (зима)): GET /
Thu Mar 23 2017 14:07:50 GMT+0300 (RTZ 2 (зима)): GET /help
Thu Mar 23 2017 14:10:24 GMT+0300 (RTZ 2 (зима)): GET /help
Thu Mar 23 2017 14:10:35 GMT+0300 (RTZ 2 (зима)): GET /help.html
Thu Mar 23 2017 14:10:41 GMT+0300 (RTZ 2 (зима)): GET /
Thu Mar 23 2017 23:30:01 GMT+0300 (RTZ 2 (зима)): GET /
Thu Mar 23 2017 23:30:03 GMT+0300 (RTZ 2 (зима)): GET /about
Thu Mar 23 2017 23:30:04 GMT+0300 (RTZ 2 (зима)): GET /
Thu Mar 23 2017 23:31:49 GMT+0300 (RTZ 2 (зима)): GET /
Thu Mar 23 2017 23:31:50 GMT+0300 (RTZ 2 (зима)): GET /
Thu Mar 23 2017 23:31:51 GMT+0300 (RTZ 2 (зима)): GET /about
Thu Mar 23 2017 23:31:52 GMT+0300 (RTZ 2 (зима)): GET /
Thu Mar 23 2017 23:31:53 GMT+0300 (RTZ 2 (зима)): GET /
Thu Mar 23 2017 23:31:53 GMT+0300 (RTZ 2 (зима)): GET /favicon.ico
